<?xml version="1.0" encoding="UTF-8"?>
<testsuite name="com.pikmin.walksim.LocationsSpacingTest" tests="4" skipped="0" failures="0" errors="0" timestamp="2026-08-11T09:25:53" hostname="Davids-MacBook-Pro.local" time="0.003">
  <properties/>
  <testcase name="everyTourPreset_carriesItsSurveyAndStartsOnAFlower()" classname="com.pikmin.walksim.LocationsSpacingTest" time="0.001"/>
  <testcase name="presetDuration_isCorrect_andGuardsNonPositiveSpeed()" classname="com.pikmin.walksim.LocationsSpacingTest" time="0.001"/>
  <testcase name="everySweepPreset_is500m10km()" classname="com.pikmin.walksim.LocationsSpacingTest" time="0.0"/>
  <testcase name="tuningsAreSane()" classname="com.pikmin.walksim.LocationsSpacingTest" time="0.001"/>
  <system-out><![CDATA[]]></system-out>
  <system-err><![CDATA[]]></system-err>
</testsuite>
