<?xml version="1.0" encoding="UTF-8"?>
<testsuite name="com.pikmin.walksim.session.WalkSessionControllerTest" tests="6" skipped="0" failures="0" errors="0" timestamp="2026-08-11T09:25:53" hostname="Davids-MacBook-Pro.local" time="0.112">
  <properties/>
  <testcase name="sequentialHoldsEachCityBeforeItsSegment()" classname="com.pikmin.walksim.session.WalkSessionControllerTest" time="0.105"/>
  <testcase name="restoreRunsEvenOnFetchException()" classname="com.pikmin.walksim.session.WalkSessionControllerTest" time="0.001"/>
  <testcase name="holdModePlaysNoRouteAndPaceNotPlaying()" classname="com.pikmin.walksim.session.WalkSessionControllerTest" time="0.002"/>
  <testcase name="holdBeforeFetchThenPlays()" classname="com.pikmin.walksim.session.WalkSessionControllerTest" time="0.002"/>
  <testcase name="engageFailRaisesBannerNoFetch()" classname="com.pikmin.walksim.session.WalkSessionControllerTest" time="0.001"/>
  <testcase name="engageBeforeAnyFetchOrHold()" classname="com.pikmin.walksim.session.WalkSessionControllerTest" time="0.001"/>
  <system-out><![CDATA[]]></system-out>
  <system-err><![CDATA[]]></system-err>
</testsuite>
