<?xml version="1.0" encoding="UTF-8"?>
<testsuite name="com.pikmin.walksim.TourPresetReachTest" tests="2" skipped="0" failures="0" errors="0" timestamp="2026-08-11T09:25:53" hostname="Davids-MacBook-Pro.local" time="0.21">
  <properties/>
  <testcase name="enoshimaTourPassesEverySurveyedSite()" classname="com.pikmin.walksim.TourPresetReachTest" time="0.096"/>
  <testcase name="hanedaTourPassesEverySurveyedSite()" classname="com.pikmin.walksim.TourPresetReachTest" time="0.114"/>
  <system-out><![CDATA[]]></system-out>
  <system-err><![CDATA[]]></system-err>
</testsuite>
