<?xml version="1.0" encoding="UTF-8"?>
<testsuite name="com.pikmin.walksim.ui.PinMathTest" tests="4" skipped="0" failures="0" errors="0" timestamp="2026-08-11T09:25:53" hostname="Davids-MacBook-Pro.local" time="0.0">
  <properties/>
  <testcase name="presetCenterZeroIsFirstPreset()" classname="com.pikmin.walksim.ui.PinMathTest" time="0.0"/>
  <testcase name="presetCenterAppliesMinusOneShift()" classname="com.pikmin.walksim.ui.PinMathTest" time="0.0"/>
  <testcase name="pickedStartPassesTapThrough()" classname="com.pikmin.walksim.ui.PinMathTest" time="0.0"/>
  <testcase name="presetCenterOneIsFirstPreset()" classname="com.pikmin.walksim.ui.PinMathTest" time="0.0"/>
  <system-out><![CDATA[]]></system-out>
  <system-err><![CDATA[]]></system-err>
</testsuite>
