<?xml version="1.0" encoding="UTF-8"?>
<testsuite name="com.pikmin.osm.UenoRouteDiagnostic" tests="2" skipped="2" failures="0" errors="0" timestamp="2026-08-11T09:25:51" hostname="Davids-MacBook-Pro.local" time="0.001">
  <properties/>
  <testcase name="diagnose()" classname="com.pikmin.osm.UenoRouteDiagnostic" time="0.0">
    <skipped/>
  </testcase>
  <testcase name="allPresets()" classname="com.pikmin.osm.UenoRouteDiagnostic" time="0.0">
    <skipped/>
  </testcase>
  <system-out><![CDATA[]]></system-out>
  <system-err><![CDATA[]]></system-err>
</testsuite>
