<?xml version="1.0" encoding="UTF-8"?>
<testsuite name="com.pikmin.osm.CompositeRoadSourceTest" tests="2" skipped="0" failures="0" errors="0" timestamp="2026-08-11T09:25:51" hostname="Davids-MacBook-Pro.local" time="0.041">
  <properties/>
  <testcase name="primaryFails_signalsBanner_returnsFallback()" classname="com.pikmin.osm.CompositeRoadSourceTest" time="0.039"/>
  <testcase name="primaryOk_returnsPrimary_noFallbackSignal()" classname="com.pikmin.osm.CompositeRoadSourceTest" time="0.001"/>
  <system-out><![CDATA[]]></system-out>
  <system-err><![CDATA[]]></system-err>
</testsuite>
