<?xml version="1.0" encoding="UTF-8"?>
<testsuite name="com.pikmin.model.GeoTest" tests="5" skipped="0" failures="0" errors="0" timestamp="2026-08-11T09:25:50" hostname="Davids-MacBook-Pro.local" time="0.008">
  <properties/>
  <testcase name="haversine_oneDegreeLongitudeAtEquator()" classname="com.pikmin.model.GeoTest" time="0.005"/>
  <testcase name="destinationPoint_eastAlongEquator()" classname="com.pikmin.model.GeoTest" time="0.0"/>
  <testcase name="bearing_cardinalDirections()" classname="com.pikmin.model.GeoTest" time="0.0"/>
  <testcase name="haversine_oneDegreeLatitude()" classname="com.pikmin.model.GeoTest" time="0.001"/>
  <testcase name="destinationPoint_roundTripsWithHaversine()" classname="com.pikmin.model.GeoTest" time="0.0"/>
  <system-out><![CDATA[]]></system-out>
  <system-err><![CDATA[]]></system-err>
</testsuite>
