<?xml version="1.0" encoding="UTF-8"?>
<testsuite name="com.pikmin.sim.GraphRandomWalkerTest" tests="6" skipped="0" failures="0" errors="0" timestamp="2026-08-11T09:25:51" hostname="Davids-MacBook-Pro.local" time="0.008">
  <properties/>
  <testcase name="generate_allPointsWithinRadius()" classname="com.pikmin.sim.GraphRandomWalkerTest" time="0.003"/>
  <testcase name="snapStart_nearestWithinRange_elseNull()" classname="com.pikmin.sim.GraphRandomWalkerTest" time="0.0"/>
  <testcase name="generate_lengthMatchesTarget()" classname="com.pikmin.sim.GraphRandomWalkerTest" time="0.001"/>
  <testcase name="generate_noUTurnExceptAtDeadEnds()" classname="com.pikmin.sim.GraphRandomWalkerTest" time="0.001"/>
  <testcase name="generate_deterministic_andOrderIndependent()" classname="com.pikmin.sim.GraphRandomWalkerTest" time="0.001"/>
  <testcase name="generate_allPointsLieOnGraphEdges()" classname="com.pikmin.sim.GraphRandomWalkerTest" time="0.002"/>
  <system-out><![CDATA[]]></system-out>
  <system-err><![CDATA[]]></system-err>
</testsuite>
