<?xml version="1.0" encoding="UTF-8"?>
<testsuite name="com.pikmin.sim.FlowerRouteTest" tests="7" skipped="0" failures="0" errors="0" timestamp="2026-08-11T09:25:51" hostname="Davids-MacBook-Pro.local" time="0.093">
  <properties/>
  <testcase name="fetchRadiusContainsTheSurvey_withinClamps()" classname="com.pikmin.sim.FlowerRouteTest" time="0.006"/>
  <testcase name="passesEverySurveyedFlower()" classname="com.pikmin.sim.FlowerRouteTest" time="0.019"/>
  <testcase name="toursTheFlowersByTheShortestClosedWalk()" classname="com.pikmin.sim.FlowerRouteTest" time="0.001"/>
  <testcase name="toursAreOptimalAcrossRandomSurveys()" classname="com.pikmin.sim.FlowerRouteTest" time="0.06"/>
  <testcase name="isDeterministic()" classname="com.pikmin.sim.FlowerRouteTest" time="0.003"/>
  <testcase name="returnsNullWhenNoSurveyedSiteIsReachable()" classname="com.pikmin.sim.FlowerRouteTest" time="0.001"/>
  <testcase name="closedTourReturnsHomeAndOpenOneDoesNot()" classname="com.pikmin.sim.FlowerRouteTest" time="0.002"/>
  <system-out><![CDATA[]]></system-out>
  <system-err><![CDATA[]]></system-err>
</testsuite>
