<?xml version="1.0" encoding="UTF-8"?>
<testsuite name="com.pikmin.osm.RouteGoldenTest" tests="3" skipped="0" failures="0" errors="0" timestamp="2026-08-11T09:25:51" hostname="Davids-MacBook-Pro.local" time="0.048">
  <properties/>
  <testcase name="shibuyaOpen()" classname="com.pikmin.osm.RouteGoldenTest" time="0.026"/>
  <testcase name="gridShortfall()" classname="com.pikmin.osm.RouteGoldenTest" time="0.002"/>
  <testcase name="shibuyaClosed()" classname="com.pikmin.osm.RouteGoldenTest" time="0.019"/>
  <system-out><![CDATA[]]></system-out>
  <system-err><![CDATA[]]></system-err>
</testsuite>
