<?xml version="1.0" encoding="UTF-8"?>
<testsuite name="com.pikmin.sim.WalkPlayerTest" tests="3" skipped="0" failures="0" errors="0" timestamp="2026-08-11T09:25:51" hostname="Davids-MacBook-Pro.local" time="0.07">
  <properties/>
  <testcase name="play_emitsRoadSnappedStream_atOneHz()" classname="com.pikmin.sim.WalkPlayerTest" time="0.004"/>
  <testcase name="play_loopMode_fillsSweepShortfall_byLapping()" classname="com.pikmin.sim.WalkPlayerTest" time="0.003"/>
  <testcase name="play_loopMode_closeLoop_playedWalkReturnsToStart()" classname="com.pikmin.sim.WalkPlayerTest" time="0.063"/>
  <system-out><![CDATA[]]></system-out>
  <system-err><![CDATA[]]></system-err>
</testsuite>
